{"level":"http","message":"\u001b[0mGET /films \u001b[32m200\u001b[0m 35.178 ms - 405368\u001b[0m","timestamp":"2025-10-19T17:08:14.487Z"}
{"level":"http","message":"\u001b[0mPOST /films \u001b[33m400\u001b[0m 3.282 ms - 126\u001b[0m","timestamp":"2025-10-19T17:08:28.566Z"}
{"level":"http","message":"::ffff:127.0.0.1 - - [19/Oct/2025:17:12:03 +0000] \"POST /films HTTP/1.1\" 400 126 \"-\" \"vscode-restclient\"","timestamp":"2025-10-19T17:12:03.997Z"}
{"level":"http","message":"POST /films 400 126 - 4.202 ms","timestamp":"2025-10-19T17:13:43.942Z"}
{"level":"http","message":"GET /films/1 200 406 - 8.934 ms","timestamp":"2025-10-19T17:14:16.793Z"}
{"level":"http","message":"GET /films 200 405368 - 54.488 ms","timestamp":"2025-10-20T01:13:29.973Z"}
{"level":"http","message":"GET /films 200 405368 - 36.265 ms","timestamp":"2025-10-20T01:13:41.329Z"}
{"level":"http","message":"GET /films 200 405368 - 31.593 ms","timestamp":"2025-10-20T01:13:42.170Z"}
{"level":"http","message":"GET /films 200 405368 - 26.882 ms","timestamp":"2025-10-20T01:13:42.530Z"}
{"level":"http","message":"GET /films 200 405368 - 24.834 ms","timestamp":"2025-10-20T01:13:42.847Z"}
{"level":"http","message":"GET /films 200 405368 - 24.586 ms","timestamp":"2025-10-20T01:13:43.096Z"}
{"level":"http","message":"GET /films 200 405368 - 23.899 ms","timestamp":"2025-10-20T01:13:43.296Z"}
{"level":"http","message":"GET /films 200 405368 - 16.954 ms","timestamp":"2025-10-20T01:13:43.314Z"}
{"level":"http","message":"GET /films 200 405368 - 59.991 ms","timestamp":"2025-10-20T01:13:55.161Z"}
{"level":"http","message":"GET /films 200 405368 - 24.628 ms","timestamp":"2025-10-20T01:13:55.388Z"}
{"level":"http","message":"GET /films 200 405368 - 32.944 ms","timestamp":"2025-10-20T01:13:55.672Z"}
{"level":"http","message":"GET /films 200 405368 - 59.665 ms","timestamp":"2025-10-20T01:13:55.699Z"}
{"level":"http","message":"GET /films 200 405368 - 32.039 ms","timestamp":"2025-10-20T01:13:56.116Z"}
{"level":"http","message":"GET /films 200 405368 - 54.252 ms","timestamp":"2025-10-20T01:13:56.140Z"}
{"level":"http","message":"GET /films 200 405368 - 73.206 ms","timestamp":"2025-10-20T01:13:56.160Z"}
{"level":"http","message":"GET /films 200 405368 - 22.695 ms","timestamp":"2025-10-20T01:13:56.719Z"}
{"level":"http","message":"GET /films 200 405368 - 27.647 ms","timestamp":"2025-10-20T01:13:56.748Z"}
{"level":"http","message":"GET /films 200 405368 - 47.689 ms","timestamp":"2025-10-20T01:13:56.769Z"}
{"level":"http","message":"GET /films 200 405368 - 61.860 ms","timestamp":"2025-10-20T01:13:56.788Z"}
{"level":"http","message":"GET /films 200 405368 - 37.866 ms","timestamp":"2025-10-20T01:13:57.591Z"}
{"level":"http","message":"GET /films 200 405368 - 67.848 ms","timestamp":"2025-10-20T01:13:57.624Z"}
{"level":"http","message":"GET /films 200 405368 - 103.149 ms","timestamp":"2025-10-20T01:13:57.662Z"}
{"level":"http","message":"GET /films 200 405368 - 143.845 ms","timestamp":"2025-10-20T01:13:57.705Z"}
{"level":"http","message":"GET /films 200 405368 - 215.089 ms","timestamp":"2025-10-20T01:13:57.778Z"}
{"level":"http","message":"GET /films 200 405368 - 37.176 ms","timestamp":"2025-10-20T01:13:57.818Z"}
{"level":"http","message":"GET /films 200 405368 - 36.988 ms","timestamp":"2025-10-20T01:13:58.870Z"}
{"level":"http","message":"GET /films 200 405368 - 74.287 ms","timestamp":"2025-10-20T01:13:58.911Z"}
{"level":"http","message":"GET /films 200 405368 - 91.846 ms","timestamp":"2025-10-20T01:13:58.931Z"}
{"level":"http","message":"GET /films 200 405368 - 88.388 ms","timestamp":"2025-10-20T01:13:58.960Z"}
{"level":"http","message":"GET /films 200 405368 - 125.422 ms","timestamp":"2025-10-20T01:13:58.998Z"}
{"level":"http","message":"GET /films 200 405368 - 155.207 ms","timestamp":"2025-10-20T01:13:59.029Z"}
{"level":"http","message":"GET /films 200 405368 - 180.555 ms","timestamp":"2025-10-20T01:13:59.057Z"}
{"level":"http","message":"GET /films 200 405368 - 34.946 ms","timestamp":"2025-10-20T01:14:00.337Z"}
{"level":"http","message":"GET /films 200 405368 - 61.991 ms","timestamp":"2025-10-20T01:14:00.366Z"}
{"level":"http","message":"GET /films 200 405368 - 92.823 ms","timestamp":"2025-10-20T01:14:00.398Z"}
{"level":"http","message":"GET /films 200 405368 - 131.916 ms","timestamp":"2025-10-20T01:14:00.438Z"}
{"level":"http","message":"GET /films 200 405368 - 170.929 ms","timestamp":"2025-10-20T01:14:00.480Z"}
{"level":"http","message":"GET /films 200 405368 - 34.928 ms","timestamp":"2025-10-20T01:14:00.949Z"}
{"level":"http","message":"GET /films 200 405368 - 75.713 ms","timestamp":"2025-10-20T01:14:00.991Z"}
{"level":"http","message":"GET /films 200 405368 - 24.434 ms","timestamp":"2025-10-20T01:14:01.362Z"}
{"level":"http","message":"GET /films 200 405368 - 51.707 ms","timestamp":"2025-10-20T01:14:01.391Z"}
{"level":"http","message":"GET /films 200 405368 - 27.753 ms","timestamp":"2025-10-20T01:14:01.422Z"}
{"level":"http","message":"GET /films 200 405368 - 23.794 ms","timestamp":"2025-10-20T01:14:01.804Z"}
{"level":"http","message":"GET /films 200 405368 - 30.547 ms","timestamp":"2025-10-20T01:14:01.838Z"}
{"level":"http","message":"GET /films 200 405368 - 24.811 ms","timestamp":"2025-10-20T01:14:02.265Z"}
{"level":"http","message":"GET /films 200 405368 - 47.482 ms","timestamp":"2025-10-20T01:14:02.290Z"}
{"level":"http","message":"GET /films 200 405368 - 23.840 ms","timestamp":"2025-10-20T01:14:02.669Z"}
{"level":"http","message":"GET /films 200 405368 - 26.058 ms","timestamp":"2025-10-20T01:14:02.878Z"}
{"level":"http","message":"GET /films 200 405368 - 21.616 ms","timestamp":"2025-10-20T01:14:02.986Z"}
{"level":"http","message":"GET /films 200 405368 - 29.211 ms","timestamp":"2025-10-20T01:14:03.228Z"}
{"level":"http","message":"GET /films 200 405368 - 23.838 ms","timestamp":"2025-10-20T01:14:03.576Z"}
{"level":"http","message":"GET /films 200 405368 - 22.113 ms","timestamp":"2025-10-20T01:14:03.954Z"}
{"level":"http","message":"GET /films 200 405368 - 24.773 ms","timestamp":"2025-10-20T01:14:04.181Z"}
{"level":"http","message":"GET /films 200 405368 - 26.787 ms","timestamp":"2025-10-20T01:14:04.392Z"}
{"level":"http","message":"GET /films 200 405368 - 23.607 ms","timestamp":"2025-10-20T01:14:04.656Z"}
{"level":"http","message":"GET /films 200 405368 - 28.870 ms","timestamp":"2025-10-20T01:14:04.894Z"}
{"level":"http","message":"GET /films 200 405368 - 24.753 ms","timestamp":"2025-10-20T01:14:04.921Z"}
{"level":"http","message":"GET /films 200 405368 - 24.067 ms","timestamp":"2025-10-20T01:14:05.271Z"}
{"level":"http","message":"GET /films 200 405368 - 25.148 ms","timestamp":"2025-10-20T01:14:05.526Z"}
{"level":"http","message":"GET /films 200 405368 - 23.343 ms","timestamp":"2025-10-20T01:14:05.551Z"}
{"level":"http","message":"GET /films 200 405368 - 26.815 ms","timestamp":"2025-10-20T01:14:05.890Z"}
{"level":"http","message":"GET /films 200 405368 - 17.969 ms","timestamp":"2025-10-20T01:14:06.085Z"}
{"level":"http","message":"GET /films 200 405368 - 22.908 ms","timestamp":"2025-10-20T01:14:06.321Z"}
{"level":"http","message":"POST /films 400 126 - 10.593 ms","timestamp":"2025-10-20T01:15:56.367Z"}
